#
# A fatal error has been detected by the Java Runtime Environment:
#
#  SIGSEGV (0xb) at pc=0x00007f2194c94451, pid=10237, tid=139782467573504
#
# JRE version: 7.0_07-b10
# Java VM: Java HotSpot(TM) 64-Bit Server VM (23.3-b01 mixed mode linux-amd64 compressed oops)
# Problematic frame:
# C  [libstdc++.so.6+0x62451]  __dynamic_cast+0x61
#
# Failed to write core dump. Core dumps have been disabled. To enable core dumping, try "ulimit -c unlimited" before starting Java again
#
# If you would like to submit a bug report, please visit:
#   http://bugreport.sun.com/bugreport/crash.jsp
# The crash happened outside the Java Virtual Machine in native code.
# See problematic frame for where to report the bug.
#

---------------  T H R E A D  ---------------

Current thread (0x00007f219c007000):  JavaThread "main" [_thread_in_native, id=10240, stack(0x00007f21a4435000,0x00007f21a4536000)]

siginfo:si_signo=SIGSEGV: si_errno=0, si_code=1 (SEGV_MAPERR), si_addr=0x0000000000000000

Registers:
RAX=0x00007f219c81a9c0, RBX=0x00007f219c87c460, RCX=0x00007f218d9016a0, RDX=0x00007f21a4532f90
RSP=0x00007f21a4532f80, RBP=0x00007f218d9016a0, RSI=0x0000000000000000, RDI=0x0000000000000000
R8 =0x0000fe4339109b20, R9 =0x00007f218d901bc0, R10=0x00007f2196011f39, R11=0x00007f21a3403af0
R12=0x00007f218d901bc0, R13=0x0000000000000000, R14=0x00007f21a45332c8, R15=0x00007f219c007000
RIP=0x00007f2194c94451, EFLAGS=0x0000000000010202, CSGSFS=0x0000000000000033, ERR=0x0000000000000004
  TRAPNO=0x000000000000000e

Top of Stack: (sp=0x00007f21a4532f80)
0x00007f21a4532f80:   00000000bfe21751 00007f21a4532ff8
0x00007f21a4532f90:   0000000000000000 0000000000000000
0x00007f21a4532fa0:   0000000000000000 0000000000000000
0x00007f21a4532fb0:   00007f21a4532ff0 00007f218d901bc0
0x00007f21a4532fc0:   00007f21a4533120 0000000000000000
0x00007f21a4532fd0:   00000000bfce58b0 00007f218c69a34f
0x00007f21a4532fe0:   000000000000001c 0000000000000001
0x00007f21a4532ff0:   00000000ec4fa858 00007f219c88d5b0
0x00007f21a4533000:   00007f219c87c460 00007f219c67b960
0x00007f21a4533010:   00007f21a4533080 00000000bfe1ea00
0x00007f21a4533020:   0000000000000000 00000000bfe1def8
0x00007f21a4533030:   0000000000000000 00007f21a4533058
0x00007f21a4533040:   00007f21a45330c8 00007f2196006333
0x00007f21a4533050:   00000000ec4fa858 00000000ec4fa7f0
0x00007f21a4533060:   0000000000000001 00007f219c88d410
0x00007f21a4533070:   00000000ec4fa808 00000000ec4fa840
0x00007f21a4533080:   00000000ec4fa7b0 00007f21a4533088
0x00007f21a4533090:   00000000bfe1dfce 00007f21a45330f8
0x00007f21a45330a0:   00000000bfe1ea00 0000000000000000
0x00007f21a45330b0:   00000000bfe1e010 0000000000000000
0x00007f21a45330c0:   00007f21a45330d8 00007f21a4533148
0x00007f21a45330d0:   00007f2196006333 00000000ec4fa7f0
0x00007f21a45330e0:   00007f219c88d410 00007f2196006158
0x00007f21a45330f0:   00000000ffffffff 00000000ec4fa7b0
0x00007f21a4533100:   00000000ec4fa7b0 00007f218c69a2f2
0x00007f21a4533110:   0000000000000000 00000000bfce58b0
0x00007f21a4533120:   00007f21a45331d0 00007f218c6bb76c
0x00007f21a4533130:   00007f21a45332a0 00007f219c87c460
0x00007f21a4533140:   00007f21a45332b8 00007f219c67b960
0x00007f21a4533150:   00007f21a4533278 00007f219c0071d8
0x00007f21a4533160:   0000000000000000 00007f219c88d410
0x00007f21a4533170:   00007f21a4533190 00000000ec4fa7b0 

Instructions: (pc=0x00007f2194c94451)
0x00007f2194c94431:   c7 44 24 10 00 00 00 00 c7 44 24 18 00 00 00 00
0x00007f2194c94441:   c7 44 24 1c 00 00 00 00 c7 44 24 20 00 00 00 00
0x00007f2194c94451:   48 8b 07 c7 44 24 24 10 00 00 00 48 89 54 24 08
0x00007f2194c94461:   48 89 1c 24 ba 06 00 00 00 ff 50 38 4c 8b 54 24 

Register to memory mapping:

RAX=0x00007f219c81a9c0 is an unknown value
RBX=0x00007f219c87c460 is an unknown value
RCX=0x00007f218d9016a0: _ZTIN3com6xuggle7xuggler12VideoPictureE+0 in /tmp/xuggle/xuggle3417805368427849224.tmp at 0x00007f218c4e4000
RDX=0x00007f21a4532f90 is pointing into the stack for thread: 0x00007f219c007000
RSP=0x00007f21a4532f80 is pointing into the stack for thread: 0x00007f219c007000
RBP=0x00007f218d9016a0: _ZTIN3com6xuggle7xuggler12VideoPictureE+0 in /tmp/xuggle/xuggle3417805368427849224.tmp at 0x00007f218c4e4000
RSI=0x0000000000000000 is an unknown value
RDI=0x0000000000000000 is an unknown value
R8 =0x0000fe4339109b20 is an unknown value
R9 =0x00007f218d901bc0: _ZTIN3com6xuggle7xuggler13IVideoPictureE+0 in /tmp/xuggle/xuggle3417805368427849224.tmp at 0x00007f218c4e4000
R10=0x00007f2196011f39 is an Interpreter codelet
method entry point (kind = native)  [0x00007f2196011cc0, 0x00007f2196012520]  2144 bytes
R11=0x00007f21a3403af0: <offset 0x7ceaf0> in /home/ostronom/glassfish3/jdk7/jre/lib/amd64/server/libjvm.so at 0x00007f21a2c35000
R12=0x00007f218d901bc0: _ZTIN3com6xuggle7xuggler13IVideoPictureE+0 in /tmp/xuggle/xuggle3417805368427849224.tmp at 0x00007f218c4e4000
R13=0x0000000000000000 is an unknown value
R14=0x00007f21a45332c8 is pointing into the stack for thread: 0x00007f219c007000
R15=0x00007f219c007000 is a thread


Stack: [0x00007f21a4435000,0x00007f21a4536000],  sp=0x00007f21a4532f80,  free space=1015k
Native frames: (J=compiled Java code, j=interpreted, Vv=VM code, C=native code)
C  [libstdc++.so.6+0x62451]  __dynamic_cast+0x61

Java frames: (J=compiled Java code, j=interpreted, Vv=VM code)
j  com.xuggle.xuggler.XugglerJNI.IVideoResampler_resample(JLcom/xuggle/xuggler/IVideoResampler;JLcom/xuggle/xuggler/IVideoPicture;JLcom/xuggle/xuggler/IVideoPicture;)I+0
j  com.xuggle.xuggler.IVideoResampler.resample(Lcom/xuggle/xuggler/IVideoPicture;Lcom/xuggle/xuggler/IVideoPicture;)I+15
j  kvergjelme_client.core$run_stream_loop.invoke(Ljava/lang/Object;Ljava/lang/Object;Ljava/lang/Object;Ljava/lang/Object;Ljava/lang/Object;Ljava/lang/Object;Ljava/lang/Object;)Ljava/lang/Object;+120
j  kvergjelme_client.core$grab_and_stream.invoke(Ljava/lang/Object;)Ljava/lang/Object;+410
j  kvergjelme_client.core$_main.invoke()Ljava/lang/Object;+25
j  clojure.lang.Var.invoke()Ljava/lang/Object;+4
j  user$eval5.invoke()Ljava/lang/Object;+49
j  clojure.lang.Compiler.eval(Ljava/lang/Object;Z)Ljava/lang/Object;+273
j  clojure.lang.Compiler.eval(Ljava/lang/Object;Z)Ljava/lang/Object;+159
j  clojure.lang.Compiler.eval(Ljava/lang/Object;)Ljava/lang/Object;+2
j  clojure.core$eval.invoke(Ljava/lang/Object;)Ljava/lang/Object;+3
j  clojure.main$eval_opt.invoke(Ljava/lang/Object;)Ljava/lang/Object;+78
j  clojure.main$initialize.invoke(Ljava/lang/Object;Ljava/lang/Object;)Ljava/lang/Object;+134
j  clojure.main$null_opt.invoke(Ljava/lang/Object;Ljava/lang/Object;)Ljava/lang/Object;+205
j  clojure.main$main.doInvoke(Ljava/lang/Object;)Ljava/lang/Object;+257
j  clojure.lang.RestFn.invoke(Ljava/lang/Object;Ljava/lang/Object;)Ljava/lang/Object;+60
j  clojure.lang.Var.invoke(Ljava/lang/Object;Ljava/lang/Object;)Ljava/lang/Object;+6
J  clojure.lang.AFn.applyToHelper(Lclojure/lang/IFn;Lclojure/lang/ISeq;)Ljava/lang/Object;
j  clojure.lang.Var.applyTo(Lclojure/lang/ISeq;)Ljava/lang/Object;+2
j  clojure.main.main([Ljava/lang/String;)V+17
v  ~StubRoutines::call_stub

---------------  P R O C E S S  ---------------

Java Threads: ( => current thread )
  0x00007f219c675000 JavaThread "AWT-XAWT" daemon [_thread_in_native, id=10256, stack(0x00007f21940e1000,0x00007f21941e2000)]
  0x00007f219c634800 JavaThread "Java2D Disposer" daemon [_thread_blocked, id=10255, stack(0x00007f21941e2000,0x00007f21942e3000)]
  0x00007f219c0f4000 JavaThread "Service Thread" daemon [_thread_blocked, id=10253, stack(0x00007f2195485000,0x00007f2195586000)]
  0x00007f219c0f1800 JavaThread "C1 CompilerThread2" daemon [_thread_blocked, id=10252, stack(0x00007f2195586000,0x00007f2195687000)]
  0x00007f219c0ef800 JavaThread "C2 CompilerThread1" daemon [_thread_blocked, id=10251, stack(0x00007f2195687000,0x00007f2195788000)]
  0x00007f219c0ec800 JavaThread "C2 CompilerThread0" daemon [_thread_blocked, id=10250, stack(0x00007f2195788000,0x00007f2195889000)]
  0x00007f219c0ea800 JavaThread "Signal Dispatcher" daemon [_thread_blocked, id=10249, stack(0x00007f2195889000,0x00007f219598a000)]
  0x00007f219c09a000 JavaThread "Finalizer" daemon [_thread_blocked, id=10248, stack(0x00007f2195afb000,0x00007f2195bfc000)]
  0x00007f219c097800 JavaThread "Reference Handler" daemon [_thread_blocked, id=10247, stack(0x00007f2195bfc000,0x00007f2195cfd000)]
=>0x00007f219c007000 JavaThread "main" [_thread_in_native, id=10240, stack(0x00007f21a4435000,0x00007f21a4536000)]

Other Threads:
  0x00007f219c090000 VMThread [stack: 0x00007f2195cfd000,0x00007f2195dfe000] [id=10246]
  0x00007f219c0ff000 WatcherThread [stack: 0x00007f2195384000,0x00007f2195485000] [id=10254]

VM state:not at safepoint (normal execution)

VM Mutex/Monitor currently owned by a thread: None

Heap
 PSYoungGen      total 63936K, used 8466K [0x00000000ec160000, 0x00000000f0240000, 0x0000000100000000)
  eden space 61440K, 9% used [0x00000000ec160000,0x00000000ec738b10,0x00000000efd60000)
  from space 2496K, 99% used [0x00000000effd0000,0x00000000f023c030,0x00000000f0240000)
  to   space 2496K, 0% used [0x00000000efd60000,0x00000000efd60000,0x00000000effd0000)
 ParOldGen       total 40768K, used 17658K [0x00000000c4400000, 0x00000000c6bd0000, 0x00000000ec160000)
  object space 40768K, 43% used [0x00000000c4400000,0x00000000c553e9c8,0x00000000c6bd0000)
 PSPermGen       total 21248K, used 16093K [0x00000000bf200000, 0x00000000c06c0000, 0x00000000c4400000)
  object space 21248K, 75% used [0x00000000bf200000,0x00000000c01b7470,0x00000000c06c0000)

Card table byte_map: [0x00007f21a1d53000,0x00007f21a1f5b000] byte_map_base: 0x00007f21a175a000

Polling page: 0x00007f21a455d000

Code Cache  [0x00007f2196000000, 0x00007f2196320000, 0x00007f219c000000)
 total_blobs=1251 nmethods=762 adapters=407 free_code_cache=95193Kb largest_free_block=97438144

Compilation events (10 events):
Event: 2,070 Thread 0x00007f219c0f1800  859       3       java.util.Arrays::binarySearch (10 bytes)
Event: 2,070 Thread 0x00007f219c0f1800 nmethod 859 0x00007f2196205a90 code [0x00007f2196205c00, 0x00007f2196205da8]
Event: 2,070 Thread 0x00007f219c0f1800  860       1       sun.java2d.loops.SurfaceType::getSuperType (5 bytes)
Event: 2,070 Thread 0x00007f219c0f1800 nmethod 860 0x00007f219622ce10 code [0x00007f219622cf60, 0x00007f219622d0b0]
Event: 2,195 Thread 0x00007f219c0f1800  862       3       java.lang.Integer::longValue (6 bytes)
Event: 2,195 Thread 0x00007f219c0f1800 nmethod 862 0x00007f2196205750 code [0x00007f21962058a0, 0x00007f2196205a30]
Event: 2,211 Thread 0x00007f219c0f1800  863       3       java.lang.Thread::interrupted (8 bytes)
Event: 2,211 Thread 0x00007f219c0ec800  864       4       java.nio.DirectLongBufferU::put (18 bytes)
Event: 2,212 Thread 0x00007f219c0f1800 nmethod 863 0x00007f2196205390 code [0x00007f2196205500, 0x00007f21962056a8]
Event: 2,213 Thread 0x00007f219c0ec800 nmethod 864 0x00007f2196203c10 code [0x00007f2196203d40, 0x00007f2196203dd8]

GC Heap History (8 events):
Event: 0,600 GC heap before
{Heap before GC invocations=1 (full 0):
 PSYoungGen      total 17856K, used 15360K [0x00000000ec160000, 0x00000000ed540000, 0x0000000100000000)
  eden space 15360K, 100% used [0x00000000ec160000,0x00000000ed060000,0x00000000ed060000)
  from space 2496K, 0% used [0x00000000ed2d0000,0x00000000ed2d0000,0x00000000ed540000)
  to   space 2496K, 0% used [0x00000000ed060000,0x00000000ed060000,0x00000000ed2d0000)
 ParOldGen       total 40768K, used 0K [0x00000000c4400000, 0x00000000c6bd0000, 0x00000000ec160000)
  object space 40768K, 0% used [0x00000000c4400000,0x00000000c4400000,0x00000000c6bd0000)
 PSPermGen       total 21248K, used 6396K [0x00000000bf200000, 0x00000000c06c0000, 0x00000000c4400000)
  object space 21248K, 30% used [0x00000000bf200000,0x00000000bf83f208,0x00000000c06c0000)
Event: 0,607 GC heap after
Heap after GC invocations=1 (full 0):
 PSYoungGen      total 17856K, used 2473K [0x00000000ec160000, 0x00000000ee440000, 0x0000000100000000)
  eden space 15360K, 0% used [0x00000000ec160000,0x00000000ec160000,0x00000000ed060000)
  from space 2496K, 99% used [0x00000000ed060000,0x00000000ed2ca4f0,0x00000000ed2d0000)
  to   space 2496K, 0% used [0x00000000ee1d0000,0x00000000ee1d0000,0x00000000ee440000)
 ParOldGen       total 40768K, used 575K [0x00000000c4400000, 0x00000000c6bd0000, 0x00000000ec160000)
  object space 40768K, 1% used [0x00000000c4400000,0x00000000c448ff08,0x00000000c6bd0000)
 PSPermGen       total 21248K, used 6396K [0x00000000bf200000, 0x00000000c06c0000, 0x00000000c4400000)
  object space 21248K, 30% used [0x00000000bf200000,0x00000000bf83f208,0x00000000c06c0000)
}
Event: 0,950 GC heap before
{Heap before GC invocations=2 (full 0):
 PSYoungGen      total 17856K, used 17833K [0x00000000ec160000, 0x00000000ee440000, 0x0000000100000000)
  eden space 15360K, 100% used [0x00000000ec160000,0x00000000ed060000,0x00000000ed060000)
  from space 2496K, 99% used [0x00000000ed060000,0x00000000ed2ca4f0,0x00000000ed2d0000)
  to   space 2496K, 0% used [0x00000000ee1d0000,0x00000000ee1d0000,0x00000000ee440000)
 ParOldGen       total 40768K, used 575K [0x00000000c4400000, 0x00000000c6bd0000, 0x00000000ec160000)
  object space 40768K, 1% used [0x00000000c4400000,0x00000000c448ff08,0x00000000c6bd0000)
 PSPermGen       total 21248K, used 8778K [0x00000000bf200000, 0x00000000c06c0000, 0x00000000c4400000)
  object space 21248K, 41% used [0x00000000bf200000,0x00000000bfa92a30,0x00000000c06c0000)
Event: 0,962 GC heap after
Heap after GC invocations=2 (full 0):
 PSYoungGen      total 33216K, used 2492K [0x00000000ec160000, 0x00000000ee440000, 0x0000000100000000)
  eden space 30720K, 0% used [0x00000000ec160000,0x00000000ec160000,0x00000000edf60000)
  from space 2496K, 99% used [0x00000000ee1d0000,0x00000000ee43f0c0,0x00000000ee440000)
  to   space 2496K, 0% used [0x00000000edf60000,0x00000000edf60000,0x00000000ee1d0000)
 ParOldGen       total 40768K, used 1603K [0x00000000c4400000, 0x00000000c6bd0000, 0x00000000ec160000)
  object space 40768K, 3% used [0x00000000c4400000,0x00000000c4590f68,0x00000000c6bd0000)
 PSPermGen       total 21248K, used 8778K [0x00000000bf200000, 0x00000000c06c0000, 0x00000000c4400000)
  object space 21248K, 41% used [0x00000000bf200000,0x00000000bfa92a30,0x00000000c06c0000)
}
Event: 2,033 GC heap before
{Heap before GC invocations=3 (full 0):
 PSYoungGen      total 33216K, used 31094K [0x00000000ec160000, 0x00000000ee440000, 0x0000000100000000)
  eden space 30720K, 93% used [0x00000000ec160000,0x00000000edd4e7f0,0x00000000edf60000)
  from space 2496K, 99% used [0x00000000ee1d0000,0x00000000ee43f0c0,0x00000000ee440000)
  to   space 2496K, 0% used [0x00000000edf60000,0x00000000edf60000,0x00000000ee1d0000)
 ParOldGen       total 40768K, used 1603K [0x00000000c4400000, 0x00000000c6bd0000, 0x00000000ec160000)
  object space 40768K, 3% used [0x00000000c4400000,0x00000000c4590f68,0x00000000c6bd0000)
 PSPermGen       total 21248K, used 15655K [0x00000000bf200000, 0x00000000c06c0000, 0x00000000c4400000)
  object space 21248K, 73% used [0x00000000bf200000,0x00000000c0149ec8,0x00000000c06c0000)
Event: 2,049 GC heap after
Heap after GC invocations=3 (full 0):
 PSYoungGen      total 33216K, used 2464K [0x00000000ec160000, 0x00000000f0240000, 0x0000000100000000)
  eden space 30720K, 0% used [0x00000000ec160000,0x00000000ec160000,0x00000000edf60000)
  from space 2496K, 98% used [0x00000000edf60000,0x00000000ee1c8020,0x00000000ee1d0000)
  to   space 2496K, 0% used [0x00000000effd0000,0x00000000effd0000,0x00000000f0240000)
 ParOldGen       total 40768K, used 8334K [0x00000000c4400000, 0x00000000c6bd0000, 0x00000000ec160000)
  object space 40768K, 20% used [0x00000000c4400000,0x00000000c4c23ad0,0x00000000c6bd0000)
 PSPermGen       total 21248K, used 15655K [0x00000000bf200000, 0x00000000c06c0000, 0x00000000c4400000)
  object space 21248K, 73% used [0x00000000bf200000,0x00000000c0149ec8,0x00000000c06c0000)
}
Event: 2,317 GC heap before
{Heap before GC invocations=4 (full 0):
 PSYoungGen      total 33216K, used 31344K [0x00000000ec160000, 0x00000000f0240000, 0x0000000100000000)
  eden space 30720K, 94% used [0x00000000ec160000,0x00000000edd94140,0x00000000edf60000)
  from space 2496K, 98% used [0x00000000edf60000,0x00000000ee1c8020,0x00000000ee1d0000)
  to   space 2496K, 0% used [0x00000000effd0000,0x00000000effd0000,0x00000000f0240000)
 ParOldGen       total 40768K, used 8334K [0x00000000c4400000, 0x00000000c6bd0000, 0x00000000ec160000)
  object space 40768K, 20% used [0x00000000c4400000,0x00000000c4c23ad0,0x00000000c6bd0000)
 PSPermGen       total 21248K, used 16093K [0x00000000bf200000, 0x00000000c06c0000, 0x00000000c4400000)
  object space 21248K, 75% used [0x00000000bf200000,0x00000000c01b7470,0x00000000c06c0000)
Event: 2,329 GC heap after
Heap after GC invocations=4 (full 0):
 PSYoungGen      total 63936K, used 2480K [0x00000000ec160000, 0x00000000f0240000, 0x0000000100000000)
  eden space 61440K, 0% used [0x00000000ec160000,0x00000000ec160000,0x00000000efd60000)
  from space 2496K, 99% used [0x00000000effd0000,0x00000000f023c030,0x00000000f0240000)
  to   space 2496K, 0% used [0x00000000efd60000,0x00000000efd60000,0x00000000effd0000)
 ParOldGen       total 40768K, used 17658K [0x00000000c4400000, 0x00000000c6bd0000, 0x00000000ec160000)
  object space 40768K, 43% used [0x00000000c4400000,0x00000000c553e9c8,0x00000000c6bd0000)
 PSPermGen       total 21248K, used 16093K [0x00000000bf200000, 0x00000000c06c0000, 0x00000000c4400000)
  object space 21248K, 75% used [0x00000000bf200000,0x00000000c01b7470,0x00000000c06c0000)
}

Deoptimization events (10 events):
Event: 1,711 Thread 0x00007f219c007000 Uncommon trap -58 fr.pc 0x00007f21960ef700
Event: 1,713 Thread 0x00007f219c007000 Uncommon trap -34 fr.pc 0x00007f21961bfce0
Event: 1,713 Thread 0x00007f219c007000 Uncommon trap -34 fr.pc 0x00007f21961bfce0
Event: 1,713 Thread 0x00007f219c007000 Uncommon trap -58 fr.pc 0x00007f21960ef700
Event: 1,714 Thread 0x00007f219c007000 Uncommon trap -58 fr.pc 0x00007f21960ef700
Event: 1,714 Thread 0x00007f219c007000 Uncommon trap -34 fr.pc 0x00007f21961bfce0
Event: 1,714 Thread 0x00007f219c007000 Uncommon trap -34 fr.pc 0x00007f21961bfce0
Event: 2,032 Thread 0x00007f219c007000 Uncommon trap -34 fr.pc 0x00007f219623b698
Event: 2,195 Thread 0x00007f219c007000 Uncommon trap -34 fr.pc 0x00007f219623b698
Event: 2,315 Thread 0x00007f219c007000 Uncommon trap -34 fr.pc 0x00007f219623b698

Internal exceptions (10 events):
Event: 2,066 Thread 0x00007f219c007000 Threw 0x00000000ec4cbee8 at /HUDSON/workspace/jdk7u7-2-build-linux-amd64-product/jdk7u7/hotspot/src/share/vm/prims/jvm.cpp:1166
Event: 2,206 Thread 0x00007f219c007000 Threw 0x00000000ec4d5c48 at /HUDSON/workspace/jdk7u7-2-build-linux-amd64-product/jdk7u7/hotspot/src/share/vm/prims/jvm.cpp:1166
Event: 2,207 Thread 0x00007f219c007000 Threw 0x00000000ec4e01f0 at /HUDSON/workspace/jdk7u7-2-build-linux-amd64-product/jdk7u7/hotspot/src/share/vm/prims/jvm.cpp:1166
Event: 2,207 Thread 0x00007f219c007000 Threw 0x00000000ec4e4830 at /HUDSON/workspace/jdk7u7-2-build-linux-amd64-product/jdk7u7/hotspot/src/share/vm/prims/jvm.cpp:1166
Event: 2,208 Thread 0x00007f219c007000 Threw 0x00000000ec4ece18 at /HUDSON/workspace/jdk7u7-2-build-linux-amd64-product/jdk7u7/hotspot/src/share/vm/prims/jvm.cpp:1166
Event: 2,208 Thread 0x00007f219c007000 Threw 0x00000000ec4f2010 at /HUDSON/workspace/jdk7u7-2-build-linux-amd64-product/jdk7u7/hotspot/src/share/vm/prims/jvm.cpp:1166
Event: 2,210 Thread 0x00007f219c007000 Threw 0x00000000ec4f7598 at /HUDSON/workspace/jdk7u7-2-build-linux-amd64-product/jdk7u7/hotspot/src/share/vm/prims/jvm.cpp:1166
Event: 2,210 Thread 0x00007f219c007000 Threw 0x00000000ec4fb798 at /HUDSON/workspace/jdk7u7-2-build-linux-amd64-product/jdk7u7/hotspot/src/share/vm/prims/jvm.cpp:1166
Event: 2,211 Thread 0x00007f219c007000 Threw 0x00000000ec4ffd30 at /HUDSON/workspace/jdk7u7-2-build-linux-amd64-product/jdk7u7/hotspot/src/share/vm/prims/jvm.cpp:1166
Event: 2,213 Thread 0x00007f219c007000 Threw 0x00000000ec507c40 at /HUDSON/workspace/jdk7u7-2-build-linux-amd64-product/jdk7u7/hotspot/src/share/vm/prims/jvm.cpp:1166

Events (10 events):
Event: 2,211 loading class 0x00007f219c81a750
Event: 2,211 loading class 0x00007f219c81a750 done
Event: 2,212 loading class 0x00007f219c483c30
Event: 2,212 loading class 0x00007f219c483c30 done
Event: 2,213 loading class 0x00007f219c4fcef0
Event: 2,213 loading class 0x00007f219c4fcef0 done
Event: 2,315 Thread 0x00007f219c007000 DEOPT PACKING pc=0x00007f219623b698 sp=0x00007f21a4533120
Event: 2,315 Thread 0x00007f219c007000 DEOPT UNPACKING pc=0x00007f2196039145 sp=0x00007f21a45330e8 mode 2
Event: 2,317 Executing VM operation: ParallelGCFailedAllocation
Event: 2,329 Executing VM operation: ParallelGCFailedAllocation done


Dynamic libraries:
00400000-00401000 r-xp 00000000 08:07 4195761                            /home/ostronom/glassfish3/jdk7/bin/java
00600000-00601000 rw-p 00000000 08:07 4195761                            /home/ostronom/glassfish3/jdk7/bin/java
0158c000-015ad000 rw-p 00000000 00:00 0                                  [heap]
bf200000-c06c0000 rw-p 00000000 00:00 0 
c06c0000-c4400000 rw-p 00000000 00:00 0 
c4400000-c6bd0000 rw-p 00000000 00:00 0 
c6bd0000-ec160000 rw-p 00000000 00:00 0 
ec160000-f0240000 rw-p 00000000 00:00 0 
f0240000-100000000 rw-p 00000000 00:00 0 
7f2148000000-7f2148021000 rw-p 00000000 00:00 0 
7f2148021000-7f214c000000 ---p 00000000 00:00 0 
7f2150000000-7f2150021000 rw-p 00000000 00:00 0 
7f2150021000-7f2154000000 ---p 00000000 00:00 0 
7f2154000000-7f2154021000 rw-p 00000000 00:00 0 
7f2154021000-7f2158000000 ---p 00000000 00:00 0 
7f2158000000-7f215834c000 rw-p 00000000 00:00 0 
7f215834c000-7f215c000000 ---p 00000000 00:00 0 
7f215c000000-7f215c021000 rw-p 00000000 00:00 0 
7f215c021000-7f2160000000 ---p 00000000 00:00 0 
7f2160000000-7f2160390000 rw-p 00000000 00:00 0 
7f2160390000-7f2164000000 ---p 00000000 00:00 0 
7f2164000000-7f2164610000 rw-p 00000000 00:00 0 
7f2164610000-7f2168000000 ---p 00000000 00:00 0 
7f2168000000-7f2168021000 rw-p 00000000 00:00 0 
7f2168021000-7f216c000000 ---p 00000000 00:00 0 
7f216c000000-7f216c021000 rw-p 00000000 00:00 0 
7f216c021000-7f2170000000 ---p 00000000 00:00 0 
7f2170000000-7f2170021000 rw-p 00000000 00:00 0 
7f2170021000-7f2174000000 ---p 00000000 00:00 0 
7f2174000000-7f2174021000 rw-p 00000000 00:00 0 
7f2174021000-7f2178000000 ---p 00000000 00:00 0 
7f2178000000-7f2178021000 rw-p 00000000 00:00 0 
7f2178021000-7f217c000000 ---p 00000000 00:00 0 
7f2180000000-7f2180021000 rw-p 00000000 00:00 0 
7f2180021000-7f2184000000 ---p 00000000 00:00 0 
7f21871ab000-7f21871b0000 r-xp 00000000 08:06 527940                     /usr/lib64/libXfixes.so.3.1.0
7f21871b0000-7f21873af000 ---p 00005000 08:06 527940                     /usr/lib64/libXfixes.so.3.1.0
7f21873af000-7f21873b0000 r--p 00004000 08:06 527940                     /usr/lib64/libXfixes.so.3.1.0
7f21873b0000-7f21873b1000 rw-p 00005000 08:06 527940                     /usr/lib64/libXfixes.so.3.1.0
7f21873b1000-7f21873bb000 r-xp 00000000 08:06 527929                     /usr/lib64/libXcursor.so.1.0.2
7f21873bb000-7f21875ba000 ---p 0000a000 08:06 527929                     /usr/lib64/libXcursor.so.1.0.2
7f21875ba000-7f21875bb000 r--p 00009000 08:06 527929                     /usr/lib64/libXcursor.so.1.0.2
7f21875bb000-7f21875bc000 rw-p 0000a000 08:06 527929                     /usr/lib64/libXcursor.so.1.0.2
7f21875bc000-7f21875bf000 r-xp 00000000 08:06 534928                     /usr/lib64/libXau.so.6.0.0
7f21875bf000-7f21877be000 ---p 00003000 08:06 534928                     /usr/lib64/libXau.so.6.0.0
7f21877be000-7f21877bf000 r--p 00002000 08:06 534928                     /usr/lib64/libXau.so.6.0.0
7f21877bf000-7f21877c0000 rw-p 00003000 08:06 534928                     /usr/lib64/libXau.so.6.0.0
7f21877c0000-7f21877de000 r-xp 00000000 08:06 527039                     /usr/lib64/libxcb.so.1.1.0
7f21877de000-7f21879de000 ---p 0001e000 08:06 527039                     /usr/lib64/libxcb.so.1.1.0
7f21879de000-7f21879df000 r--p 0001e000 08:06 527039                     /usr/lib64/libxcb.so.1.1.0
7f21879df000-7f21879e0000 rw-p 0001f000 08:06 527039                     /usr/lib64/libxcb.so.1.1.0
7f21879e0000-7f21879ee000 r-xp 00000000 08:06 527930                     /usr/lib64/libXi.so.6.1.0
7f21879ee000-7f2187bee000 ---p 0000e000 08:06 527930                     /usr/lib64/libXi.so.6.1.0
7f2187bee000-7f2187bef000 r--p 0000e000 08:06 527930                     /usr/lib64/libXi.so.6.1.0
7f2187bef000-7f2187bf0000 rw-p 0000f000 08:06 527930                     /usr/lib64/libXi.so.6.1.0
7f2187bf0000-7f2187bf5000 r-xp 00000000 08:06 527914                     /usr/lib64/libXtst.so.6.1.0
7f2187bf5000-7f2187df4000 ---p 00005000 08:06 527914                     /usr/lib64/libXtst.so.6.1.0
7f2187df4000-7f2187df5000 r--p 00004000 08:06 527914                     /usr/lib64/libXtst.so.6.1.0
7f2187df5000-7f2187df6000 rw-p 00005000 08:06 527914                     /usr/lib64/libXtst.so.6.1.0
7f2187df6000-7f2187dff000 r-xp 00000000 08:06 534964                     /usr/lib64/libXrender.so.1.3.0
7f2187dff000-7f2187ffe000 ---p 00009000 08:06 534964                     /usr/lib64/libXrender.so.1.3.0
7f2187ffe000-7f2187fff000 r--p 00008000 08:06 534964                     /usr/lib64/libXrender.so.1.3.0
7f2187fff000-7f2188000000 rw-p 00009000 08:06 534964                     /usr/lib64/libXrender.so.1.3.0
7f2188000000-7f2188021000 rw-p 00000000 00:00 0 
7f2188021000-7f218c000000 ---p 00000000 00:00 0 
7f218c1a8000-7f218c2de000 r-xp 00000000 08:06 534916                     /usr/lib64/libX11.so.6.3.0
7f218c2de000-7f218c4de000 ---p 00136000 08:06 534916                     /usr/lib64/libX11.so.6.3.0
7f218c4de000-7f218c4df000 r--p 00136000 08:06 534916                     /usr/lib64/libX11.so.6.3.0
7f218c4df000-7f218c4e4000 rw-p 00137000 08:06 534916                     /usr/lib64/libX11.so.6.3.0
7f218c4e4000-7f218d6b7000 r-xp 00000000 08:06 575616                     /tmp/xuggle/xuggle3417805368427849224.tmp (deleted)
7f218d6b7000-7f218d8b7000 ---p 011d3000 08:06 575616                     /tmp/xuggle/xuggle3417805368427849224.tmp (deleted)
7f218d8b7000-7f218d918000 r--p 011d3000 08:06 575616                     /tmp/xuggle/xuggle3417805368427849224.tmp (deleted)
7f218d918000-7f218d953000 rw-p 01234000 08:06 575616                     /tmp/xuggle/xuggle3417805368427849224.tmp (deleted)
7f218d953000-7f2190000000 rw-p 00000000 00:00 0 
7f2190000000-7f2190021000 rw-p 00000000 00:00 0 
7f2190021000-7f2194000000 ---p 00000000 00:00 0 
7f21940e1000-7f21940e4000 ---p 00000000 00:00 0 
7f21940e4000-7f21941e2000 rw-p 00000000 00:00 0                          [stack:10256]
7f21941e2000-7f21941e5000 ---p 00000000 00:00 0 
7f21941e5000-7f21942e3000 rw-p 00000000 00:00 0                          [stack:10255]
7f21942e3000-7f21942f4000 r-xp 00000000 08:06 534990                     /usr/lib64/libXext.so.6.4.0
7f21942f4000-7f21944f3000 ---p 00011000 08:06 534990                     /usr/lib64/libXext.so.6.4.0
7f21944f3000-7f21944f4000 r--p 00010000 08:06 534990                     /usr/lib64/libXext.so.6.4.0
7f21944f4000-7f21944f5000 rw-p 00011000 08:06 534990                     /usr/lib64/libXext.so.6.4.0
7f21944f5000-7f2194545000 r-xp 00000000 08:07 4195630                    /home/ostronom/glassfish3/jdk7/jre/lib/amd64/xawt/libmawt.so
7f2194545000-7f2194745000 ---p 00050000 08:07 4195630                    /home/ostronom/glassfish3/jdk7/jre/lib/amd64/xawt/libmawt.so
7f2194745000-7f2194749000 rw-p 00050000 08:07 4195630                    /home/ostronom/glassfish3/jdk7/jre/lib/amd64/xawt/libmawt.so
7f2194749000-7f219474a000 rw-p 00000000 00:00 0 
7f219474a000-7f21947ec000 r-xp 00000000 08:07 4195667                    /home/ostronom/glassfish3/jdk7/jre/lib/amd64/libawt.so
7f21947ec000-7f21949ec000 ---p 000a2000 08:07 4195667                    /home/ostronom/glassfish3/jdk7/jre/lib/amd64/libawt.so
7f21949ec000-7f21949f8000 rw-p 000a2000 08:07 4195667                    /home/ostronom/glassfish3/jdk7/jre/lib/amd64/libawt.so
7f21949f8000-7f2194a1c000 rw-p 00000000 00:00 0 
7f2194a1c000-7f2194a31000 r-xp 00000000 08:06 1181999                    /lib64/libgcc_s.so.1
7f2194a31000-7f2194c30000 ---p 00015000 08:06 1181999                    /lib64/libgcc_s.so.1
7f2194c30000-7f2194c31000 r--p 00014000 08:06 1181999                    /lib64/libgcc_s.so.1
7f2194c31000-7f2194c32000 rw-p 00015000 08:06 1181999                    /lib64/libgcc_s.so.1
7f2194c32000-7f2194d1a000 r-xp 00000000 08:06 526972                     /usr/lib64/libstdc++.so.6.0.17
7f2194d1a000-7f2194f1a000 ---p 000e8000 08:06 526972                     /usr/lib64/libstdc++.so.6.0.17
7f2194f1a000-7f2194f22000 r--p 000e8000 08:06 526972                     /usr/lib64/libstdc++.so.6.0.17
7f2194f22000-7f2194f24000 rw-p 000f0000 08:06 526972                     /usr/lib64/libstdc++.so.6.0.17
7f2194f24000-7f2194f39000 rw-p 00000000 00:00 0 
7f2194f5d000-7f2194f72000 r-xp 00000000 08:07 4195634                    /home/ostronom/glassfish3/jdk7/jre/lib/amd64/libnet.so
7f2194f72000-7f2195172000 ---p 00015000 08:07 4195634                    /home/ostronom/glassfish3/jdk7/jre/lib/amd64/libnet.so
7f2195172000-7f2195173000 rw-p 00015000 08:07 4195634                    /home/ostronom/glassfish3/jdk7/jre/lib/amd64/libnet.so
7f2195173000-7f2195183000 r-xp 00000000 08:07 4195640                    /home/ostronom/glassfish3/jdk7/jre/lib/amd64/libnio.so
7f2195183000-7f2195383000 ---p 00010000 08:07 4195640                    /home/ostronom/glassfish3/jdk7/jre/lib/amd64/libnio.so
7f2195383000-7f2195384000 rw-p 00010000 08:07 4195640                    /home/ostronom/glassfish3/jdk7/jre/lib/amd64/libnio.so
7f2195384000-7f2195385000 ---p 00000000 00:00 0 
7f2195385000-7f2195485000 rw-p 00000000 00:00 0                          [stack:10254]
7f2195485000-7f2195488000 ---p 00000000 00:00 0 
7f2195488000-7f2195586000 rw-p 00000000 00:00 0                          [stack:10253]
7f2195586000-7f2195589000 ---p 00000000 00:00 0 
7f2195589000-7f2195687000 rw-p 00000000 00:00 0                          [stack:10252]
7f2195687000-7f219568a000 ---p 00000000 00:00 0 
7f219568a000-7f2195788000 rw-p 00000000 00:00 0                          [stack:10251]
7f2195788000-7f219578b000 ---p 00000000 00:00 0 
7f219578b000-7f2195889000 rw-p 00000000 00:00 0                          [stack:10250]
7f2195889000-7f219588c000 ---p 00000000 00:00 0 
7f219588c000-7f219598a000 rw-p 00000000 00:00 0                          [stack:10249]
7f219598a000-7f21959c9000 r--p 00000000 08:06 1062249                    /usr/lib/locale/ru_RU.utf8/LC_CTYPE
7f21959c9000-7f21959ca000 r--p 00000000 08:06 1051917                    /usr/lib/locale/ru_RU.utf8/LC_NUMERIC
7f21959ca000-7f21959cb000 r--p 00000000 08:06 1062205                    /usr/lib/locale/ru_RU.utf8/LC_TIME
7f21959cb000-7f2195afb000 r--p 00000000 08:06 1070324                    /usr/lib/locale/ru_RU.utf8/LC_COLLATE
7f2195afb000-7f2195afe000 ---p 00000000 00:00 0 
7f2195afe000-7f2195bfc000 rw-p 00000000 00:00 0                          [stack:10248]
7f2195bfc000-7f2195bff000 ---p 00000000 00:00 0 
7f2195bff000-7f2195cfd000 rw-p 00000000 00:00 0                          [stack:10247]
7f2195cfd000-7f2195cfe000 ---p 00000000 00:00 0 
7f2195cfe000-7f2196000000 rw-p 00000000 00:00 0                          [stack:10246]
7f2196000000-7f2196320000 rwxp 00000000 00:00 0 
7f2196320000-7f219dfd3000 rw-p 00000000 00:00 0 
7f219dfd3000-7f21a0000000 ---p 00000000 00:00 0 
7f21a0005000-7f21a000f000 r--s 00254000 08:07 3936852                    /home/ostronom/glassfish3/jdk7/jre/lib/resources.jar
7f21a000f000-7f21a0013000 r--s 00089000 08:07 3936861                    /home/ostronom/glassfish3/jdk7/jre/lib/jsse.jar
7f21a0013000-7f21a0042000 r--p 00000000 08:06 663015                     /usr/share/locale/ru/LC_MESSAGES/libc.mo
7f21a0042000-7f21a007e000 r--s 00308000 08:07 4198052                    /home/ostronom/.m2/repository/org/clojure/clojure/1.4.0/clojure-1.4.0.jar
7f21a007e000-7f21a0e0f000 rw-p 00000000 00:00 0 
7f21a0e0f000-7f21a0fcb000 r--s 039d3000 08:07 3936846                    /home/ostronom/glassfish3/jdk7/jre/lib/rt.jar
7f21a0fcb000-7f21a17e7000 rw-p 00000000 00:00 0 
7f21a17e7000-7f21a17e8000 ---p 00000000 00:00 0 
7f21a17e8000-7f21a18e8000 rw-p 00000000 00:00 0                          [stack:10244]
7f21a18e8000-7f21a18e9000 ---p 00000000 00:00 0 
7f21a18e9000-7f21a19e9000 rw-p 00000000 00:00 0                          [stack:10243]
7f21a19e9000-7f21a19ea000 ---p 00000000 00:00 0 
7f21a19ea000-7f21a1aea000 rw-p 00000000 00:00 0                          [stack:10242]
7f21a1aea000-7f21a1aeb000 ---p 00000000 00:00 0 
7f21a1aeb000-7f21a1bf6000 rw-p 00000000 00:00 0                          [stack:10241]
7f21a1bf6000-7f21a1c14000 rw-p 00000000 00:00 0 
7f21a1c14000-7f21a1c28000 rw-p 00000000 00:00 0 
7f21a1c28000-7f21a1d53000 rw-p 00000000 00:00 0 
7f21a1d53000-7f21a1d5e000 rw-p 00000000 00:00 0 
7f21a1d5e000-7f21a1d7c000 rw-p 00000000 00:00 0 
7f21a1d7c000-7f21a1d90000 rw-p 00000000 00:00 0 
7f21a1d90000-7f21a1eba000 rw-p 00000000 00:00 0 
7f21a1eba000-7f21a1edc000 rw-p 00000000 00:00 0 
7f21a1edc000-7f21a1f5a000 rw-p 00000000 00:00 0 
7f21a1f5a000-7f21a1f68000 rw-p 00000000 00:00 0 
7f21a1f68000-7f21a20db000 rw-p 00000000 00:00 0 
7f21a20db000-7f21a20f5000 r-xp 00000000 08:07 4195666                    /home/ostronom/glassfish3/jdk7/jre/lib/amd64/libzip.so
7f21a20f5000-7f21a22f5000 ---p 0001a000 08:07 4195666                    /home/ostronom/glassfish3/jdk7/jre/lib/amd64/libzip.so
7f21a22f5000-7f21a22f6000 rw-p 0001a000 08:07 4195666                    /home/ostronom/glassfish3/jdk7/jre/lib/amd64/libzip.so
7f21a22f6000-7f21a231f000 r-xp 00000000 08:07 4195670                    /home/ostronom/glassfish3/jdk7/jre/lib/amd64/libjava.so
7f21a231f000-7f21a251f000 ---p 00029000 08:07 4195670                    /home/ostronom/glassfish3/jdk7/jre/lib/amd64/libjava.so
7f21a251f000-7f21a2521000 rw-p 00029000 08:07 4195670                    /home/ostronom/glassfish3/jdk7/jre/lib/amd64/libjava.so
7f21a2521000-7f21a252e000 r-xp 00000000 08:07 4195622                    /home/ostronom/glassfish3/jdk7/jre/lib/amd64/libverify.so
7f21a252e000-7f21a272d000 ---p 0000d000 08:07 4195622                    /home/ostronom/glassfish3/jdk7/jre/lib/amd64/libverify.so
7f21a272d000-7f21a272f000 rw-p 0000c000 08:07 4195622                    /home/ostronom/glassfish3/jdk7/jre/lib/amd64/libverify.so
7f21a272f000-7f21a2736000 r-xp 00000000 08:06 1182103                    /lib64/librt-2.16.90.so
7f21a2736000-7f21a2935000 ---p 00007000 08:06 1182103                    /lib64/librt-2.16.90.so
7f21a2935000-7f21a2936000 r--p 00006000 08:06 1182103                    /lib64/librt-2.16.90.so
7f21a2936000-7f21a2937000 rw-p 00007000 08:06 1182103                    /lib64/librt-2.16.90.so
7f21a2937000-7f21a2a34000 r-xp 00000000 08:06 1182102                    /lib64/libm-2.16.90.so
7f21a2a34000-7f21a2c33000 ---p 000fd000 08:06 1182102                    /lib64/libm-2.16.90.so
7f21a2c33000-7f21a2c34000 r--p 000fc000 08:06 1182102                    /lib64/libm-2.16.90.so
7f21a2c34000-7f21a2c35000 rw-p 000fd000 08:06 1182102                    /lib64/libm-2.16.90.so
7f21a2c35000-7f21a367c000 r-xp 00000000 08:07 4195645                    /home/ostronom/glassfish3/jdk7/jre/lib/amd64/server/libjvm.so
7f21a367c000-7f21a387b000 ---p 00a47000 08:07 4195645                    /home/ostronom/glassfish3/jdk7/jre/lib/amd64/server/libjvm.so
7f21a387b000-7f21a391e000 rw-p 00a46000 08:07 4195645                    /home/ostronom/glassfish3/jdk7/jre/lib/amd64/server/libjvm.so
7f21a391e000-7f21a395a000 rw-p 00000000 00:00 0 
7f21a395a000-7f21a3afe000 r-xp 00000000 08:06 1182118                    /lib64/libc-2.16.90.so
7f21a3afe000-7f21a3cfe000 ---p 001a4000 08:06 1182118                    /lib64/libc-2.16.90.so
7f21a3cfe000-7f21a3d02000 r--p 001a4000 08:06 1182118                    /lib64/libc-2.16.90.so
7f21a3d02000-7f21a3d04000 rw-p 001a8000 08:06 1182118                    /lib64/libc-2.16.90.so
7f21a3d04000-7f21a3d08000 rw-p 00000000 00:00 0 
7f21a3d08000-7f21a3d0b000 r-xp 00000000 08:06 1182107                    /lib64/libdl-2.16.90.so
7f21a3d0b000-7f21a3f0a000 ---p 00003000 08:06 1182107                    /lib64/libdl-2.16.90.so
7f21a3f0a000-7f21a3f0b000 r--p 00002000 08:06 1182107                    /lib64/libdl-2.16.90.so
7f21a3f0b000-7f21a3f0c000 rw-p 00003000 08:06 1182107                    /lib64/libdl-2.16.90.so
7f21a3f0c000-7f21a3f22000 r-xp 00000000 08:07 4195661                    /home/ostronom/glassfish3/jdk7/jre/lib/amd64/jli/libjli.so
7f21a3f22000-7f21a4121000 ---p 00016000 08:07 4195661                    /home/ostronom/glassfish3/jdk7/jre/lib/amd64/jli/libjli.so
7f21a4121000-7f21a4122000 rw-p 00015000 08:07 4195661                    /home/ostronom/glassfish3/jdk7/jre/lib/amd64/jli/libjli.so
7f21a4122000-7f21a4139000 r-xp 00000000 08:06 1182139                    /lib64/libpthread-2.16.90.so
7f21a4139000-7f21a4338000 ---p 00017000 08:06 1182139                    /lib64/libpthread-2.16.90.so
7f21a4338000-7f21a4339000 r--p 00016000 08:06 1182139                    /lib64/libpthread-2.16.90.so
7f21a4339000-7f21a433a000 rw-p 00017000 08:06 1182139                    /lib64/libpthread-2.16.90.so
7f21a433a000-7f21a433e000 rw-p 00000000 00:00 0 
7f21a433e000-7f21a435f000 r-xp 00000000 08:06 1183669                    /lib64/ld-2.16.90.so
7f21a4361000-7f21a436b000 r--s 00371000 08:07 3936843                    /home/ostronom/glassfish3/jdk7/jre/lib/charsets.jar
7f21a436b000-7f21a436d000 r--s 00000000 08:07 4199663                    /home/ostronom/.m2/repository/org/clojure/data.zip/0.1.0/data.zip-0.1.0.jar
7f21a436d000-7f21a4374000 r--s 0266d000 08:07 3936065                    /home/ostronom/.m2/repository/xuggle/xuggle-xuggler/5.4/xuggle-xuggler-5.4.jar
7f21a4374000-7f21a437c000 r--s 00049000 08:07 3933149                    /home/ostronom/.m2/repository/ch/qos/logback/logback-core/1.0.0/logback-core-1.0.0.jar
7f21a437c000-7f21a4435000 rw-p 00000000 00:00 0 
7f21a4435000-7f21a4438000 ---p 00000000 00:00 0 
7f21a4438000-7f21a453a000 rw-p 00000000 00:00 0                          [stack:10240]
7f21a453c000-7f21a453e000 r--s 00005000 08:07 174                        /home/ostronom/.m2/repository/org/slf4j/slf4j-api/1.6.4/slf4j-api-1.6.4.jar
7f21a453e000-7f21a453f000 r--s 00008000 08:07 3933147                    /home/ostronom/.m2/repository/commons-cli/commons-cli/1.1/commons-cli-1.1.jar
7f21a453f000-7f21a4545000 r--s 00037000 08:07 3933153                    /home/ostronom/.m2/repository/ch/qos/logback/logback-classic/1.0.0/logback-classic-1.0.0.jar
7f21a4545000-7f21a4546000 r--p 00000000 08:06 1052381                    /usr/lib/locale/ru_RU.utf8/LC_MONETARY
7f21a4546000-7f21a4547000 r--p 00000000 08:06 1080593                    /usr/lib/locale/ru_RU.utf8/LC_MESSAGES/SYS_LC_MESSAGES
7f21a4547000-7f21a4548000 r--p 00000000 08:06 1062373                    /usr/lib/locale/ru_RU.utf8/LC_PAPER
7f21a4548000-7f21a4549000 r--p 00000000 08:06 1062412                    /usr/lib/locale/ru_RU.utf8/LC_NAME
7f21a4549000-7f21a454a000 r--p 00000000 08:06 922735                     /usr/lib/locale/ru_RU.utf8/LC_ADDRESS
7f21a454a000-7f21a454b000 r--p 00000000 08:06 922903                     /usr/lib/locale/ru_RU.utf8/LC_TELEPHONE
7f21a454b000-7f21a454c000 r--p 00000000 08:06 1062250                    /usr/lib/locale/ru_RU.utf8/LC_MEASUREMENT
7f21a454c000-7f21a4553000 r--s 00000000 08:06 662805                     /usr/lib64/gconv/gconv-modules.cache
7f21a4553000-7f21a4554000 r--p 00000000 08:06 1051749                    /usr/lib/locale/ru_RU.utf8/LC_IDENTIFICATION
7f21a4554000-7f21a455c000 rw-s 00000000 08:06 575615                     /tmp/hsperfdata_ostronom/10237
7f21a455c000-7f21a455d000 rw-p 00000000 00:00 0 
7f21a455d000-7f21a455e000 r--p 00000000 00:00 0 
7f21a455e000-7f21a455f000 rw-p 00000000 00:00 0 
7f21a455f000-7f21a4560000 r--p 00021000 08:06 1183669                    /lib64/ld-2.16.90.so
7f21a4560000-7f21a4561000 rw-p 00022000 08:06 1183669                    /lib64/ld-2.16.90.so
7f21a4561000-7f21a4562000 rw-p 00000000 00:00 0 
7fff58f6a000-7fff58f8c000 rw-p 00000000 00:00 0                          [stack]
7fff58fff000-7fff59000000 r-xp 00000000 00:00 0                          [vdso]
ffffffffff600000-ffffffffff601000 r-xp 00000000 00:00 0                  [vsyscall]

VM Arguments:
jvm_args: -XX:+TieredCompilation -Dclojure.compile.path=/home/ostronom/Work/kvergjelme/kvergjelme-client/target/classes -Dkvergjelme-client.version=0.1.0-SNAPSHOT -Dclojure.debug=false 
java_command: clojure.main -e (do (try (clojure.core/require (quote kvergjelme-client.core)) (catch java.io.FileNotFoundException ___2232__auto__)) (set! *warn-on-reflection* true) (clojure.core/let [v__2230__auto__ (clojure.core/resolve (quote kvergjelme-client.core/-main))] (if (clojure.core/ifn? v__2230__auto__) (v__2230__auto__) (clojure.lang.Reflector/invokeStaticMethod "kvergjelme-client.core" "main" (clojure.core/into-array [(clojure.core/into-array java.lang.String (quote nil))])))))
Launcher Type: SUN_STANDARD

Environment Variables:
JAVA_HOME=/usr/lib64/jvm/java
JRE_HOME=/usr/lib64/jvm/java/jre
PATH=/home/ostronom/glassfish3/jdk7/bin:/home/ostronom/ThirdParty/play2:/opt/flexsdk/bin:/home/ostronom/.cabal/bin:/home/ostronom/glassfish3/jdk7/bin:/home/ostronom/ThirdParty/play2:/opt/flexsdk/bin:/home/ostronom/.cabal/bin:/home/ostronom/bin:/usr/local/bin:/usr/bin:/bin:/usr/bin/X11:/usr/X11R6/bin:/usr/games:/home/ostronom/bin/phantomjs/bin:/home/ostronom/bin/phantomjs/bin
SHELL=/bin/bash
DISPLAY=:0
HOSTTYPE=x86_64
OSTYPE=linux
MACHTYPE=x86_64-suse-linux

Signal Handlers:
SIGSEGV: [libjvm.so+0x8a5a80], sa_mask[0]=0x7ffbfeff, sa_flags=0x10000004
SIGBUS: [libjvm.so+0x8a5a80], sa_mask[0]=0x7ffbfeff, sa_flags=0x10000004
SIGFPE: [libjvm.so+0x741b60], sa_mask[0]=0x7ffbfeff, sa_flags=0x10000004
SIGPIPE: [libjvm.so+0x741b60], sa_mask[0]=0x7ffbfeff, sa_flags=0x10000004
SIGXFSZ: [libjvm.so+0x741b60], sa_mask[0]=0x7ffbfeff, sa_flags=0x10000004
SIGILL: [libjvm.so+0x741b60], sa_mask[0]=0x7ffbfeff, sa_flags=0x10000004
SIGUSR1: SIG_DFL, sa_mask[0]=0x00000000, sa_flags=0x00000000
SIGUSR2: [libjvm.so+0x7414b0], sa_mask[0]=0x00000004, sa_flags=0x10000004
SIGHUP: [libjvm.so+0x743840], sa_mask[0]=0x7ffbfeff, sa_flags=0x10000004
SIGINT: [libjvm.so+0x743840], sa_mask[0]=0x7ffbfeff, sa_flags=0x10000004
SIGTERM: [libjvm.so+0x743840], sa_mask[0]=0x7ffbfeff, sa_flags=0x10000004
SIGQUIT: [libjvm.so+0x743840], sa_mask[0]=0x7ffbfeff, sa_flags=0x10000004


---------------  S Y S T E M  ---------------

OS:openSUSE 12.3 Milestone 2 (x86_64)
VERSION = 12.3
CODENAME = Dartmouth

uname:Linux 3.6.3-1-desktop #1 SMP PREEMPT Sun Oct 21 23:11:42 UTC 2012 (e8b3bd9) x86_64
libc:glibc 2.16.90 NPTL 2.16.90 
rlimit: STACK 8192k, CORE 0k, NPROC 30384, NOFILE 4096, AS infinity
load average:0,43 0,29 0,31

/proc/meminfo:
MemTotal:        3907684 kB
MemFree:         1444632 kB
Buffers:          120824 kB
Cached:          1161692 kB
SwapCached:            0 kB
Active:          1335012 kB
Inactive:         922116 kB
Active(anon):     976532 kB
Inactive(anon):    20372 kB
Active(file):     358480 kB
Inactive(file):   901744 kB
Unevictable:           0 kB
Mlocked:               0 kB
SwapTotal:       2098172 kB
SwapFree:        2098172 kB
Dirty:               196 kB
Writeback:           148 kB
AnonPages:        949616 kB
Mapped:           223844 kB
Shmem:             22300 kB
Slab:             116672 kB
SReclaimable:      80688 kB
SUnreclaim:        35984 kB
KernelStack:        3312 kB
PageTables:        27824 kB
NFS_Unstable:          0 kB
Bounce:                0 kB
WritebackTmp:          0 kB
CommitLimit:     4052012 kB
Committed_AS:    2827512 kB
VmallocTotal:   34359738367 kB
VmallocUsed:       94772 kB
VmallocChunk:   34359640936 kB
HardwareCorrupted:     0 kB
AnonHugePages:    317440 kB
HugePages_Total:       0
HugePages_Free:        0
HugePages_Rsvd:        0
HugePages_Surp:        0
Hugepagesize:       2048 kB
DirectMap4k:       86512 kB
DirectMap2M:     2910208 kB


CPU:total 4 (2 cores per cpu, 2 threads per core) family 6 model 37 stepping 5, cmov, cx8, fxsr, mmx, sse, sse2, sse3, ssse3, sse4.1, sse4.2, popcnt, ht, tsc, tscinvbit

/proc/cpuinfo:
processor	: 0
vendor_id	: GenuineIntel
cpu family	: 6
model		: 37
model name	: Intel(R) Core(TM) i3 CPU       M 380  @ 2.53GHz
stepping	: 5
microcode	: 0x3
cpu MHz		: 2533.000
cache size	: 3072 KB
physical id	: 0
siblings	: 4
core id		: 0
cpu cores	: 2
apicid		: 0
initial apicid	: 0
fpu		: yes
fpu_exception	: yes
cpuid level	: 11
wp		: yes
flags		: fpu vme de pse tsc msr pae mce cx8 apic sep mtrr pge mca cmov pat pse36 clflush dts acpi mmx fxsr sse sse2 ss ht tm pbe syscall nx rdtscp lm constant_tsc arch_perfmon pebs bts rep_good nopl xtopology nonstop_tsc aperfmperf pni dtes64 monitor ds_cpl vmx est tm2 ssse3 cx16 xtpr pdcm pcid sse4_1 sse4_2 popcnt lahf_lm arat dtherm tpr_shadow vnmi flexpriority ept vpid
bogomips	: 5054.45
clflush size	: 64
cache_alignment	: 64
address sizes	: 36 bits physical, 48 bits virtual
power management:

processor	: 1
vendor_id	: GenuineIntel
cpu family	: 6
model		: 37
model name	: Intel(R) Core(TM) i3 CPU       M 380  @ 2.53GHz
stepping	: 5
microcode	: 0x3
cpu MHz		: 1066.000
cache size	: 3072 KB
physical id	: 0
siblings	: 4
core id		: 2
cpu cores	: 2
apicid		: 4
initial apicid	: 4
fpu		: yes
fpu_exception	: yes
cpuid level	: 11
wp		: yes
flags		: fpu vme de pse tsc msr pae mce cx8 apic sep mtrr pge mca cmov pat pse36 clflush dts acpi mmx fxsr sse sse2 ss ht tm pbe syscall nx rdtscp lm constant_tsc arch_perfmon pebs bts rep_good nopl xtopology nonstop_tsc aperfmperf pni dtes64 monitor ds_cpl vmx est tm2 ssse3 cx16 xtpr pdcm pcid sse4_1 sse4_2 popcnt lahf_lm arat dtherm tpr_shadow vnmi flexpriority ept vpid
bogomips	: 5054.45
clflush size	: 64
cache_alignment	: 64
address sizes	: 36 bits physical, 48 bits virtual
power management:

processor	: 2
vendor_id	: GenuineIntel
cpu family	: 6
model		: 37
model name	: Intel(R) Core(TM) i3 CPU       M 380  @ 2.53GHz
stepping	: 5
microcode	: 0x3
cpu MHz		: 2399.000
cache size	: 3072 KB
physical id	: 0
siblings	: 4
core id		: 0
cpu cores	: 2
apicid		: 1
initial apicid	: 1
fpu		: yes
fpu_exception	: yes
cpuid level	: 11
wp		: yes
flags		: fpu vme de pse tsc msr pae mce cx8 apic sep mtrr pge mca cmov pat pse36 clflush dts acpi mmx fxsr sse sse2 ss ht tm pbe syscall nx rdtscp lm constant_tsc arch_perfmon pebs bts rep_good nopl xtopology nonstop_tsc aperfmperf pni dtes64 monitor ds_cpl vmx est tm2 ssse3 cx16 xtpr pdcm pcid sse4_1 sse4_2 popcnt lahf_lm arat dtherm tpr_shadow vnmi flexpriority ept vpid
bogomips	: 5054.45
clflush size	: 64
cache_alignment	: 64
address sizes	: 36 bits physical, 48 bits virtual
power management:

processor	: 3
vendor_id	: GenuineIntel
cpu family	: 6
model		: 37
model name	: Intel(R) Core(TM) i3 CPU       M 380  @ 2.53GHz
stepping	: 5
microcode	: 0x3
cpu MHz		: 2533.000
cache size	: 3072 KB
physical id	: 0
siblings	: 4
core id		: 2
cpu cores	: 2
apicid		: 5
initial apicid	: 5
fpu		: yes
fpu_exception	: yes
cpuid level	: 11
wp		: yes
flags		: fpu vme de pse tsc msr pae mce cx8 apic sep mtrr pge mca cmov pat pse36 clflush dts acpi mmx fxsr sse sse2 ss ht tm pbe syscall nx rdtscp lm constant_tsc arch_perfmon pebs bts rep_good nopl xtopology nonstop_tsc aperfmperf pni dtes64 monitor ds_cpl vmx est tm2 ssse3 cx16 xtpr pdcm pcid sse4_1 sse4_2 popcnt lahf_lm arat dtherm tpr_shadow vnmi flexpriority ept vpid
bogomips	: 5054.45
clflush size	: 64
cache_alignment	: 64
address sizes	: 36 bits physical, 48 bits virtual
power management:



Memory: 4k page, physical 3907684k(1444632k free), swap 2098172k(2098172k free)

vm_info: Java HotSpot(TM) 64-Bit Server VM (23.3-b01) for linux-amd64 JRE (1.7.0_07-b10), built on Aug 28 2012 17:44:05 by "java_re" with gcc 4.3.0 20080428 (Red Hat 4.3.0-8)

time: Wed Feb 27 06:02:48 2013
elapsed time: 2 seconds

